c:\users\orechmann\downloads\liquidfun-1.1.0\liquidfun\box2d\freeglut\freeglut.dir\debug\vc140.pdb
c:\users\orechmann\downloads\liquidfun-1.1.0\liquidfun\box2d\freeglut\freeglut.dir\debug\fg_structure.obj
c:\users\orechmann\downloads\liquidfun-1.1.0\liquidfun\box2d\freeglut\freeglut.dir\debug\fg_stroke_roman.obj
c:\users\orechmann\downloads\liquidfun-1.1.0\liquidfun\box2d\freeglut\freeglut.dir\debug\fg_stroke_mono_roman.obj
c:\users\orechmann\downloads\liquidfun-1.1.0\liquidfun\box2d\freeglut\freeglut.dir\debug\fg_state.obj
c:\users\orechmann\downloads\liquidfun-1.1.0\liquidfun\box2d\freeglut\freeglut.dir\debug\fg_spaceball.obj
c:\users\orechmann\downloads\liquidfun-1.1.0\liquidfun\box2d\freeglut\freeglut.dir\debug\fg_overlay.obj
c:\users\orechmann\downloads\liquidfun-1.1.0\liquidfun\box2d\freeglut\freeglut.dir\debug\fg_misc.obj
c:\users\orechmann\downloads\liquidfun-1.1.0\liquidfun\box2d\freeglut\freeglut.dir\debug\fg_main.obj
c:\users\orechmann\downloads\liquidfun-1.1.0\liquidfun\box2d\freeglut\freeglut.dir\debug\fg_joystick.obj
c:\users\orechmann\downloads\liquidfun-1.1.0\liquidfun\box2d\freeglut\freeglut.dir\debug\fg_input_devices.obj
c:\users\orechmann\downloads\liquidfun-1.1.0\liquidfun\box2d\freeglut\freeglut.dir\debug\fg_init.obj
c:\users\orechmann\downloads\liquidfun-1.1.0\liquidfun\box2d\freeglut\freeglut.dir\debug\fg_gl2.obj
c:\users\orechmann\downloads\liquidfun-1.1.0\liquidfun\box2d\freeglut\freeglut.dir\debug\fg_geometry.obj
c:\users\orechmann\downloads\liquidfun-1.1.0\liquidfun\box2d\freeglut\freeglut.dir\debug\fg_gamemode.obj
c:\users\orechmann\downloads\liquidfun-1.1.0\liquidfun\box2d\freeglut\freeglut.dir\debug\fg_font_data.obj
c:\users\orechmann\downloads\liquidfun-1.1.0\liquidfun\box2d\freeglut\freeglut.dir\debug\fg_font.obj
c:\users\orechmann\downloads\liquidfun-1.1.0\liquidfun\box2d\freeglut\freeglut.dir\debug\fg_ext.obj
c:\users\orechmann\downloads\liquidfun-1.1.0\liquidfun\box2d\freeglut\freeglut.dir\debug\fg_display.obj
c:\users\orechmann\downloads\liquidfun-1.1.0\liquidfun\box2d\freeglut\freeglut.dir\debug\fg_cursor.obj
c:\users\orechmann\downloads\liquidfun-1.1.0\liquidfun\box2d\freeglut\freeglut.dir\debug\fg_callbacks.obj
c:\users\orechmann\downloads\liquidfun-1.1.0\liquidfun\box2d\freeglut\freeglut.dir\debug\xparsegeometry_repl.obj
c:\users\orechmann\downloads\liquidfun-1.1.0\liquidfun\box2d\freeglut\freeglut.dir\debug\fg_window_mswin.obj
c:\users\orechmann\downloads\liquidfun-1.1.0\liquidfun\box2d\freeglut\freeglut.dir\debug\fg_structure_mswin.obj
c:\users\orechmann\downloads\liquidfun-1.1.0\liquidfun\box2d\freeglut\freeglut.dir\debug\fg_state_mswin.obj
c:\users\orechmann\downloads\liquidfun-1.1.0\liquidfun\box2d\freeglut\freeglut.dir\debug\fg_spaceball_mswin.obj
c:\users\orechmann\downloads\liquidfun-1.1.0\liquidfun\box2d\freeglut\freeglut.dir\debug\fg_menu_mswin.obj
c:\users\orechmann\downloads\liquidfun-1.1.0\liquidfun\box2d\freeglut\freeglut.dir\debug\fg_main_mswin.obj
c:\users\orechmann\downloads\liquidfun-1.1.0\liquidfun\box2d\freeglut\freeglut.dir\debug\fg_joystick_mswin.obj
c:\users\orechmann\downloads\liquidfun-1.1.0\liquidfun\box2d\freeglut\freeglut.dir\debug\fg_input_devices_mswin.obj
c:\users\orechmann\downloads\liquidfun-1.1.0\liquidfun\box2d\freeglut\freeglut.dir\debug\fg_init_mswin.obj
c:\users\orechmann\downloads\liquidfun-1.1.0\liquidfun\box2d\freeglut\freeglut.dir\debug\fg_gamemode_mswin.obj
c:\users\orechmann\downloads\liquidfun-1.1.0\liquidfun\box2d\freeglut\freeglut.dir\debug\fg_ext_mswin.obj
c:\users\orechmann\downloads\liquidfun-1.1.0\liquidfun\box2d\freeglut\freeglut.dir\debug\fg_display_mswin.obj
c:\users\orechmann\downloads\liquidfun-1.1.0\liquidfun\box2d\freeglut\freeglut.dir\debug\fg_cursor_mswin.obj
c:\users\orechmann\downloads\liquidfun-1.1.0\liquidfun\box2d\freeglut\freeglut.dir\debug\fg_menu.obj
c:\users\orechmann\downloads\liquidfun-1.1.0\liquidfun\box2d\freeglut\freeglut.dir\debug\fg_window.obj
c:\users\orechmann\downloads\liquidfun-1.1.0\liquidfun\box2d\freeglut\freeglut.dir\debug\fg_videoresize.obj
c:\users\orechmann\downloads\liquidfun-1.1.0\liquidfun\box2d\freeglut\freeglut.dir\debug\fg_teapot.obj
c:\users\orechmann\downloads\liquidfun-1.1.0\liquidfun\box2d\freeglut\debug\freeglutd.lib
c:\users\orechmann\downloads\liquidfun-1.1.0\liquidfun\box2d\freeglut\debug\freeglutd.exp
c:\users\orechmann\downloads\liquidfun-1.1.0\liquidfun\box2d\freeglut\debug\freeglutd.ilk
c:\users\orechmann\downloads\liquidfun-1.1.0\liquidfun\box2d\freeglut\debug\freeglutd.dll
c:\users\orechmann\downloads\liquidfun-1.1.0\liquidfun\box2d\freeglut\debug\freeglutd.pdb
c:\users\orechmann\downloads\liquidfun-1.1.0\liquidfun\box2d\freeglut\freeglut.dir\debug\freeglut.res
c:\users\orechmann\downloads\liquidfun-1.1.0\liquidfun\box2d\freeglut\..\freeglut\debug\freeglutd.dll
c:\users\orechmann\downloads\liquidfun-1.1.0\liquidfun\box2d\freeglut\freeglut.dir\debug\freeglut.tlog\cl.command.1.tlog
c:\users\orechmann\downloads\liquidfun-1.1.0\liquidfun\box2d\freeglut\freeglut.dir\debug\freeglut.tlog\cl.read.1.tlog
c:\users\orechmann\downloads\liquidfun-1.1.0\liquidfun\box2d\freeglut\freeglut.dir\debug\freeglut.tlog\cl.write.1.tlog
c:\users\orechmann\downloads\liquidfun-1.1.0\liquidfun\box2d\freeglut\freeglut.dir\debug\freeglut.tlog\freeglut.write.1u.tlog
c:\users\orechmann\downloads\liquidfun-1.1.0\liquidfun\box2d\freeglut\freeglut.dir\debug\freeglut.tlog\link.command.1.tlog
c:\users\orechmann\downloads\liquidfun-1.1.0\liquidfun\box2d\freeglut\freeglut.dir\debug\freeglut.tlog\link.read.1.tlog
c:\users\orechmann\downloads\liquidfun-1.1.0\liquidfun\box2d\freeglut\freeglut.dir\debug\freeglut.tlog\link.write.1.tlog
c:\users\orechmann\downloads\liquidfun-1.1.0\liquidfun\box2d\freeglut\freeglut.dir\debug\freeglut.tlog\rc.command.1.tlog
c:\users\orechmann\downloads\liquidfun-1.1.0\liquidfun\box2d\freeglut\freeglut.dir\debug\freeglut.tlog\rc.read.1.tlog
c:\users\orechmann\downloads\liquidfun-1.1.0\liquidfun\box2d\freeglut\freeglut.dir\debug\freeglut.tlog\rc.write.1.tlog
