c:\users\orechmann\downloads\liquidfun-1.1.0\liquidfun\box2d\box2d\box2d.dir\debug\box2d.pdb
c:\users\orechmann\downloads\liquidfun-1.1.0\liquidfun\box2d\box2d\box2d.dir\debug\b2chainandpolygoncontact.obj
c:\users\orechmann\downloads\liquidfun-1.1.0\liquidfun\box2d\box2d\box2d.dir\debug\b2chainandcirclecontact.obj
c:\users\orechmann\downloads\liquidfun-1.1.0\liquidfun\box2d\box2d\box2d.dir\debug\b2edgeandpolygoncontact.obj
c:\users\orechmann\downloads\liquidfun-1.1.0\liquidfun\box2d\box2d\box2d.dir\debug\b2edgeandcirclecontact.obj
c:\users\orechmann\downloads\liquidfun-1.1.0\liquidfun\box2d\box2d\box2d.dir\debug\b2polygonandcirclecontact.obj
c:\users\orechmann\downloads\liquidfun-1.1.0\liquidfun\box2d\box2d\box2d.dir\debug\b2contactsolver.obj
c:\users\orechmann\downloads\liquidfun-1.1.0\liquidfun\box2d\box2d\box2d.dir\debug\b2contact.obj
c:\users\orechmann\downloads\liquidfun-1.1.0\liquidfun\box2d\box2d\box2d.dir\debug\b2circlecontact.obj
c:\users\orechmann\downloads\liquidfun-1.1.0\liquidfun\box2d\box2d\box2d.dir\debug\b2weldjoint.obj
c:\users\orechmann\downloads\liquidfun-1.1.0\liquidfun\box2d\box2d\box2d.dir\debug\b2ropejoint.obj
c:\users\orechmann\downloads\liquidfun-1.1.0\liquidfun\box2d\box2d\box2d.dir\debug\b2revolutejoint.obj
c:\users\orechmann\downloads\liquidfun-1.1.0\liquidfun\box2d\box2d\box2d.dir\debug\b2pulleyjoint.obj
c:\users\orechmann\downloads\liquidfun-1.1.0\liquidfun\box2d\box2d\box2d.dir\debug\b2prismaticjoint.obj
c:\users\orechmann\downloads\liquidfun-1.1.0\liquidfun\box2d\box2d\box2d.dir\debug\b2mousejoint.obj
c:\users\orechmann\downloads\liquidfun-1.1.0\liquidfun\box2d\box2d\box2d.dir\debug\b2motorjoint.obj
c:\users\orechmann\downloads\liquidfun-1.1.0\liquidfun\box2d\box2d\box2d.dir\debug\b2joint.obj
c:\users\orechmann\downloads\liquidfun-1.1.0\liquidfun\box2d\box2d\box2d.dir\debug\b2gearjoint.obj
c:\users\orechmann\downloads\liquidfun-1.1.0\liquidfun\box2d\box2d\box2d.dir\debug\b2frictionjoint.obj
c:\users\orechmann\downloads\liquidfun-1.1.0\liquidfun\box2d\box2d\box2d.dir\debug\b2distancejoint.obj
c:\users\orechmann\downloads\liquidfun-1.1.0\liquidfun\box2d\box2d\box2d.dir\debug\b2chainshape.obj
c:\users\orechmann\downloads\liquidfun-1.1.0\liquidfun\box2d\box2d\box2d.dir\debug\b2edgeshape.obj
c:\users\orechmann\downloads\liquidfun-1.1.0\liquidfun\box2d\box2d\box2d.dir\debug\b2circleshape.obj
c:\users\orechmann\downloads\liquidfun-1.1.0\liquidfun\box2d\box2d\box2d.dir\debug\b2trackedblock.obj
c:\users\orechmann\downloads\liquidfun-1.1.0\liquidfun\box2d\box2d\box2d.dir\debug\b2timer.obj
c:\users\orechmann\downloads\liquidfun-1.1.0\liquidfun\box2d\box2d\box2d.dir\debug\b2stat.obj
c:\users\orechmann\downloads\liquidfun-1.1.0\liquidfun\box2d\box2d\box2d.dir\debug\b2stackallocator.obj
c:\users\orechmann\downloads\liquidfun-1.1.0\liquidfun\box2d\box2d\box2d.dir\debug\b2settings.obj
c:\users\orechmann\downloads\liquidfun-1.1.0\liquidfun\box2d\box2d\box2d.dir\debug\b2math.obj
c:\users\orechmann\downloads\liquidfun-1.1.0\liquidfun\box2d\box2d\box2d.dir\debug\b2freelist.obj
c:\users\orechmann\downloads\liquidfun-1.1.0\liquidfun\box2d\box2d\box2d.dir\debug\b2draw.obj
c:\users\orechmann\downloads\liquidfun-1.1.0\liquidfun\box2d\box2d\box2d.dir\debug\b2blockallocator.obj
c:\users\orechmann\downloads\liquidfun-1.1.0\liquidfun\box2d\box2d\box2d.dir\debug\b2worldcallbacks.obj
c:\users\orechmann\downloads\liquidfun-1.1.0\liquidfun\box2d\box2d\box2d.dir\debug\b2world.obj
c:\users\orechmann\downloads\liquidfun-1.1.0\liquidfun\box2d\box2d\box2d.dir\debug\b2fixture.obj
c:\users\orechmann\downloads\liquidfun-1.1.0\liquidfun\box2d\box2d\box2d.dir\debug\b2contactmanager.obj
c:\users\orechmann\downloads\liquidfun-1.1.0\liquidfun\box2d\box2d\box2d.dir\debug\b2body.obj
c:\users\orechmann\downloads\liquidfun-1.1.0\liquidfun\box2d\box2d\box2d.dir\debug\b2polygoncontact.obj
c:\users\orechmann\downloads\liquidfun-1.1.0\liquidfun\box2d\box2d\box2d.dir\debug\b2rope.obj
c:\users\orechmann\downloads\liquidfun-1.1.0\liquidfun\box2d\box2d\box2d.dir\debug\b2voronoidiagram.obj
c:\users\orechmann\downloads\liquidfun-1.1.0\liquidfun\box2d\box2d\box2d.dir\debug\b2particlegroup.obj
c:\users\orechmann\downloads\liquidfun-1.1.0\liquidfun\box2d\box2d\box2d.dir\debug\b2particle.obj
c:\users\orechmann\downloads\liquidfun-1.1.0\liquidfun\box2d\box2d\box2d.dir\debug\b2timeofimpact.obj
c:\users\orechmann\downloads\liquidfun-1.1.0\liquidfun\box2d\box2d\box2d.dir\debug\b2dynamictree.obj
c:\users\orechmann\downloads\liquidfun-1.1.0\liquidfun\box2d\box2d\box2d.dir\debug\b2distance.obj
c:\users\orechmann\downloads\liquidfun-1.1.0\liquidfun\box2d\box2d\box2d.dir\debug\b2collision.obj
c:\users\orechmann\downloads\liquidfun-1.1.0\liquidfun\box2d\box2d\box2d.dir\debug\b2collidepolygon.obj
c:\users\orechmann\downloads\liquidfun-1.1.0\liquidfun\box2d\box2d\box2d.dir\debug\b2collideedge.obj
c:\users\orechmann\downloads\liquidfun-1.1.0\liquidfun\box2d\box2d\box2d.dir\debug\b2broadphase.obj
c:\users\orechmann\downloads\liquidfun-1.1.0\liquidfun\box2d\box2d\box2d.dir\debug\box2d.tlog\cl.command.1.tlog
c:\users\orechmann\downloads\liquidfun-1.1.0\liquidfun\box2d\box2d\box2d.dir\debug\box2d.tlog\cl.read.1.tlog
c:\users\orechmann\downloads\liquidfun-1.1.0\liquidfun\box2d\box2d\box2d.dir\debug\box2d.tlog\cl.write.1.tlog
