c:\users\orechmann\downloads\liquidfun-1.1.0\liquidfun\box2d\glui\glui.dir\debug\glui.pdb
c:\users\orechmann\downloads\liquidfun-1.1.0\liquidfun\box2d\glui\glui.dir\debug\glui_rotation.obj
c:\users\orechmann\downloads\liquidfun-1.1.0\liquidfun\box2d\glui\glui.dir\debug\glui_rollout.obj
c:\users\orechmann\downloads\liquidfun-1.1.0\liquidfun\box2d\glui\glui.dir\debug\glui_radio.obj
c:\users\orechmann\downloads\liquidfun-1.1.0\liquidfun\box2d\glui\glui.dir\debug\glui_panel.obj
c:\users\orechmann\downloads\liquidfun-1.1.0\liquidfun\box2d\glui\glui.dir\debug\glui_node.obj
c:\users\orechmann\downloads\liquidfun-1.1.0\liquidfun\box2d\glui\glui.dir\debug\glui_mouse_iaction.obj
c:\users\orechmann\downloads\liquidfun-1.1.0\liquidfun\box2d\glui\glui.dir\debug\glui_listbox.obj
c:\users\orechmann\downloads\liquidfun-1.1.0\liquidfun\box2d\glui\glui.dir\debug\glui_list.obj
c:\users\orechmann\downloads\liquidfun-1.1.0\liquidfun\box2d\glui\glui.dir\debug\glui_filebrowser.obj
c:\users\orechmann\downloads\liquidfun-1.1.0\liquidfun\box2d\glui\glui.dir\debug\glui_edittext.obj
c:\users\orechmann\downloads\liquidfun-1.1.0\liquidfun\box2d\glui\glui.dir\debug\glui_control.obj
c:\users\orechmann\downloads\liquidfun-1.1.0\liquidfun\box2d\glui\glui.dir\debug\glui_commandline.obj
c:\users\orechmann\downloads\liquidfun-1.1.0\liquidfun\box2d\glui\glui.dir\debug\glui_column.obj
c:\users\orechmann\downloads\liquidfun-1.1.0\liquidfun\box2d\glui\glui.dir\debug\glui_checkbox.obj
c:\users\orechmann\downloads\liquidfun-1.1.0\liquidfun\box2d\glui\glui.dir\debug\glui_button.obj
c:\users\orechmann\downloads\liquidfun-1.1.0\liquidfun\box2d\glui\glui.dir\debug\glui_bitmaps.obj
c:\users\orechmann\downloads\liquidfun-1.1.0\liquidfun\box2d\glui\glui.dir\debug\glui_bitmap_img_data.obj
c:\users\orechmann\downloads\liquidfun-1.1.0\liquidfun\box2d\glui\glui.dir\debug\glui_add_controls.obj
c:\users\orechmann\downloads\liquidfun-1.1.0\liquidfun\box2d\glui\glui.dir\debug\arcball.obj
c:\users\orechmann\downloads\liquidfun-1.1.0\liquidfun\box2d\glui\glui.dir\debug\algebra3.obj
c:\users\orechmann\downloads\liquidfun-1.1.0\liquidfun\box2d\glui\glui.dir\debug\quaternion.obj
c:\users\orechmann\downloads\liquidfun-1.1.0\liquidfun\box2d\glui\glui.dir\debug\glui.obj
c:\users\orechmann\downloads\liquidfun-1.1.0\liquidfun\box2d\glui\glui.dir\debug\glui_window.obj
c:\users\orechmann\downloads\liquidfun-1.1.0\liquidfun\box2d\glui\glui.dir\debug\glui_treepanel.obj
c:\users\orechmann\downloads\liquidfun-1.1.0\liquidfun\box2d\glui\glui.dir\debug\glui_tree.obj
c:\users\orechmann\downloads\liquidfun-1.1.0\liquidfun\box2d\glui\glui.dir\debug\glui_translation.obj
c:\users\orechmann\downloads\liquidfun-1.1.0\liquidfun\box2d\glui\glui.dir\debug\glui_textbox.obj
c:\users\orechmann\downloads\liquidfun-1.1.0\liquidfun\box2d\glui\glui.dir\debug\glui_string.obj
c:\users\orechmann\downloads\liquidfun-1.1.0\liquidfun\box2d\glui\glui.dir\debug\glui_statictext.obj
c:\users\orechmann\downloads\liquidfun-1.1.0\liquidfun\box2d\glui\glui.dir\debug\glui_spinner.obj
c:\users\orechmann\downloads\liquidfun-1.1.0\liquidfun\box2d\glui\glui.dir\debug\glui_separator.obj
c:\users\orechmann\downloads\liquidfun-1.1.0\liquidfun\box2d\glui\glui.dir\debug\glui_scrollbar.obj
c:\users\orechmann\downloads\liquidfun-1.1.0\liquidfun\box2d\glui\debug\glui.lib
c:\users\orechmann\downloads\liquidfun-1.1.0\liquidfun\box2d\glui\..\glui\debug\glui.lib
c:\users\orechmann\downloads\liquidfun-1.1.0\liquidfun\box2d\glui\glui.dir\debug\glui.tlog\cl.command.1.tlog
c:\users\orechmann\downloads\liquidfun-1.1.0\liquidfun\box2d\glui\glui.dir\debug\glui.tlog\cl.read.1.tlog
c:\users\orechmann\downloads\liquidfun-1.1.0\liquidfun\box2d\glui\glui.dir\debug\glui.tlog\cl.write.1.tlog
c:\users\orechmann\downloads\liquidfun-1.1.0\liquidfun\box2d\glui\glui.dir\debug\glui.tlog\lib-link.read.1.tlog
c:\users\orechmann\downloads\liquidfun-1.1.0\liquidfun\box2d\glui\glui.dir\debug\glui.tlog\lib-link.write.1.tlog
c:\users\orechmann\downloads\liquidfun-1.1.0\liquidfun\box2d\glui\glui.dir\debug\glui.tlog\lib.command.1.tlog
